--- Safe Schema Application Started ---
[Step 1] Running final data snapshot...
--- Starting Database Data Snapshot ---
Snapshot Directory: /Users/phurba/Desktop/kundcoffee/backups/data_snapshot-1775372333695
Backing up customer...
  - Saved 5 records.
Backing up customerLedger...
  - Saved 7 records.
Backing up order...
  - Saved 58 records.
Backing up orderItem...
  - Saved 114 records.
Backing up payment...
  - Saved 44 records.
Backing up tableSession...
  - Saved 37 records.
Backing up dailySession...
  - Saved 2 records.
Backing up stock...
  - Saved 0 records.
Backing up supplier...
  - Saved 3 records.
Backing up supplierLedger...
  - Saved 5 records.
Backing up purchase...
  - Saved 2 records.
Backing up purchaseItem...
  - Saved 2 records.
Backing up purchaseReturn...
  - Saved 1 records.
Backing up salesReturn...
  - Saved 0 records.
Backing up dish...
  - Saved 157 records.
Backing up category...
  - Saved 23 records.
Backing up subMenu...
  - Saved 0 records.
Backing up table...
  - Saved 16 records.
Backing up tableType...
  - Saved 11 records.
Backing up space...
  - Saved 7 records.
Backing up user...
  - Saved 6 records.
Backing up store...
  - Saved 8 records.
Backing up systemSetting...
  - Saved 24 records.
--- Snapshot Completed ---
Your data is now safe in the backups folder.
  - Snapshot success.
[Step 2] Applying schema changes with 'db push'...
  - Command: npx prisma db push --accept-data-loss
Environment variables loaded from .env
Prisma schema loaded from prisma/schema.prisma
Datasource "db": PostgreSQL database "neondb", schema "public" at "ep-bold-cell-aeuriodp-pooler.c-2.us-east-2.aws.neon.tech"
Error: P1014

The underlying table for model `AddOn` does not exist.

--- Schema Changes Failed ---
